android/app/build/intermediates/manifest_merge_blame_file/release/manifest-merger-blame-release-report.txt
1<?xml version="1.0" encoding="utf-8"?>
2<manifest xmlns:android="http://schemas.android.com/apk/res/android"
3    package="com.organicRice"
4    android:versionCode="1"
5    android:versionName="1.0" >
6
7    <uses-sdk
8        android:minSdkVersion="21"
8-->src/main/AndroidManifest.xml
9        android:targetSdkVersion="31" />
9-->src/main/AndroidManifest.xml
10
11    <uses-permission android:name="android.permission.INTERNET" />
11-->src/main/AndroidManifest.xml:4:5-67
11-->src/main/AndroidManifest.xml:4:22-64
12    <!-- Required to access Google Play Licensing -->
13    <uses-permission android:name="com.android.vending.CHECK_LICENSE" />
13-->[:rn-fetch-blob] AndroidManifest.xml:10:5-73
13-->[:rn-fetch-blob] AndroidManifest.xml:10:22-70
14    <!--
15         Required to keep CPU alive while downloading files
16        (NOT to keep screen awake)
17    -->
18    <uses-permission android:name="android.permission.WAKE_LOCK" />
18-->[:rn-fetch-blob] AndroidManifest.xml:19:5-68
18-->[:rn-fetch-blob] AndroidManifest.xml:19:22-65
19    <!--
20         Required to poll the state of the network connection
21        and respond to changes
22    -->
23    <uses-permission android:name="android.permission.ACCESS_NETWORK_STATE" /> <!-- Required to check whether Wi-Fi is enabled -->
23-->[:rn-fetch-blob] AndroidManifest.xml:25:5-79
23-->[:rn-fetch-blob] AndroidManifest.xml:25:22-76
24    <uses-permission android:name="android.permission.ACCESS_WIFI_STATE" /> <!-- Required to read and write the expansion files on shared storage -->
24-->[:rn-fetch-blob] AndroidManifest.xml:28:5-76
24-->[:rn-fetch-blob] AndroidManifest.xml:28:22-73
25    <uses-permission android:name="android.permission.WRITE_EXTERNAL_STORAGE" />
25-->[:rn-fetch-blob] AndroidManifest.xml:31:5-81
25-->[:rn-fetch-blob] AndroidManifest.xml:31:22-78
26
27    <application
27-->src/main/AndroidManifest.xml:6:5-25:19
28        android:name="com.fabhrms.MainApplication"
28-->src/main/AndroidManifest.xml:7:7-38
29        android:allowBackup="false"
29-->src/main/AndroidManifest.xml:11:7-34
30        android:appComponentFactory="androidx.core.app.CoreComponentFactory"
30-->[androidx.core:core:1.6.0] AndroidManifest.xml:24:18-86
31        android:icon="@mipmap/ic_launcher"
31-->src/main/AndroidManifest.xml:9:7-41
32        android:label="@string/app_name"
32-->src/main/AndroidManifest.xml:8:7-39
33        android:roundIcon="@mipmap/ic_launcher_round"
33-->src/main/AndroidManifest.xml:10:7-52
34        android:theme="@style/AppTheme" >
34-->src/main/AndroidManifest.xml:12:7-38
35        <activity
35-->src/main/AndroidManifest.xml:13:7-24:18
36            android:name="com.fabhrms.MainActivity"
36-->src/main/AndroidManifest.xml:14:9-37
37            android:configChanges="keyboard|keyboardHidden|orientation|screenLayout|screenSize|smallestScreenSize|uiMode"
37-->src/main/AndroidManifest.xml:16:9-118
38            android:exported="true"
38-->src/main/AndroidManifest.xml:19:9-32
39            android:label="@string/app_name"
39-->src/main/AndroidManifest.xml:15:9-41
40            android:launchMode="singleTask"
40-->src/main/AndroidManifest.xml:17:9-40
41            android:windowSoftInputMode="adjustResize" >
41-->src/main/AndroidManifest.xml:18:9-51
42            <intent-filter>
42-->src/main/AndroidManifest.xml:20:9-23:25
43                <action android:name="android.intent.action.MAIN" />
43-->src/main/AndroidManifest.xml:21:13-65
43-->src/main/AndroidManifest.xml:21:21-62
44
45                <category android:name="android.intent.category.LAUNCHER" />
45-->src/main/AndroidManifest.xml:22:13-73
45-->src/main/AndroidManifest.xml:22:23-70
46            </intent-filter>
47        </activity>
48
49        <provider
49-->[:rn-fetch-blob] AndroidManifest.xml:34:9-42:20
50            android:name="com.RNFetchBlob.Utils.FileProvider"
50-->[:rn-fetch-blob] AndroidManifest.xml:35:13-62
51            android:authorities="com.organicRice.provider"
51-->[:rn-fetch-blob] AndroidManifest.xml:36:13-60
52            android:exported="false"
52-->[:rn-fetch-blob] AndroidManifest.xml:37:13-37
53            android:grantUriPermissions="true" >
53-->[:rn-fetch-blob] AndroidManifest.xml:38:13-47
54            <meta-data
54-->[:rn-fetch-blob] AndroidManifest.xml:39:13-41:58
55                android:name="android.support.FILE_PROVIDER_PATHS"
55-->[:rn-fetch-blob] AndroidManifest.xml:40:17-67
56                android:resource="@xml/provider_paths" />
56-->[:rn-fetch-blob] AndroidManifest.xml:41:17-55
57        </provider>
58
59        <meta-data
59-->[com.github.bumptech.glide:okhttp3-integration:4.12.0] AndroidManifest.xml:11:9-13:43
60            android:name="com.bumptech.glide.integration.okhttp3.OkHttpGlideModule"
60-->[com.github.bumptech.glide:okhttp3-integration:4.12.0] AndroidManifest.xml:12:13-84
61            android:value="GlideModule" />
61-->[com.github.bumptech.glide:okhttp3-integration:4.12.0] AndroidManifest.xml:13:13-40
62    </application>
63
64</manifest>